		[32m[1mpmd:  c0e 6e7f4811 c0e00000
			[33m[1mpte: srw 000 be3ad45f c0e00000
			[33m[1mpte: srw 001 bdfb945f c0e01000
			[33m[1mpte: srw 002 bc58145f c0e02000
			[33m[1mpte: srw 003 bc15245f c0e03000
			[33m[1mpte: srw 004 bc61845f c0e04000
			[33m[1mpte: srw 005 bbf7745f c0e05000
			[33m[1mpte: srw 006 bd25945f c0e06000
			[33m[1mpte: srw 007 bed4645f c0e07000
			[33m[1mpte: srw 008 bcd5545f c0e08000
			[33m[1mpte: srw 009 bcd5d45f c0e09000
			[33m[1mpte: srw 00a bee9745f c0e0a000
			[33m[1mpte: srw 00b bd9a445f c0e0b000
			[33m[1mpte: srw 00c ba7a945f c0e0c000
			[33m[1mpte: srw 00d bdfe345f c0e0d000
			[33m[1mpte: srw 00e bbe2145f c0e0e000
			[33m[1mpte: srw 00f bdd8245f c0e0f000
			[33m[1mpte: srw 010 be9a845f c0e10000
			[33m[1mpte: srw 011 beb1b45f c0e11000
			[33m[1mpte: srw 012 bde3745f c0e12000
			[33m[1mpte: srw 013 bdd9c45f c0e13000
			[33m[1mpte: srw 014 bda0b45f c0e14000
			[33m[1mpte: srw 015 be73a45f c0e15000
			[33m[1mpte: srw 016 bb0ec45f c0e16000
			[33m[1mpte: srw 017 bda7b45f c0e17000
			[33m[1mpte: srw 018 be9a645f c0e18000
			[33m[1mpte: srw 019 becb845f c0e19000
			[33m[1mpte: srw 01a bdd3745f c0e1a000
			[33m[1mpte: srw 01b baad745f c0e1b000
			[33m[1mpte: srw 01c bee8745f c0e1c000
			[33m[1mpte: srw 01d beadc45f c0e1d000
			[33m[1mpte: srw 01e bee8b45f c0e1e000
			[33m[1mpte: srw 01f be28245f c0e1f000
			[33m[1mpte: srw 020 bed0145f c0e20000
			[33m[1mpte: srw 021 be81645f c0e21000
			[33m[1mpte: srw 022 be49945f c0e22000
			[33m[1mpte: srw 023 be49b45f c0e23000
			[33m[1mpte: srw 024 be3ed45f c0e24000
			[33m[1mpte: srw 025 bbd0f45f c0e25000
			[33m[1mpte: srw 026 bb3a645f c0e26000
			[33m[1mpte: srw 027 bbd0945f c0e27000
			[33m[1mpte: srw 028 ba7c245f c0e28000
			[33m[1mpte: srw 029 bbf4545f c0e29000
			[33m[1mpte: srw 02a beb4945f c0e2a000
			[33m[1mpte: srw 02b bee1445f c0e2b000
			[33m[1mpte: srw 02c bb2a945f c0e2c000
			[33m[1mpte: srw 02d be01345f c0e2d000
			[33m[1mpte: srw 02e bf3a945f c0e2e000
			[33m[1mpte: srw 02f bee1f45f c0e2f000
			[33m[1mpte: srw 030 bee2145f c0e30000
			[33m[1mpte: srw 031 bee2245f c0e31000
			[33m[1mpte: srw 032 be9b445f c0e32000
			[33m[1mpte: srw 033 be9b545f c0e33000
			[33m[1mpte: srw 034 be9b845f c0e34000
			[33m[1mpte: srw 035 bead945f c0e35000
			[33m[1mpte: srw 036 bee2045f c0e36000
			[33m[1mpte: srw 037 bee2345f c0e37000
			[33m[1mpte: srw 038 be9b345f c0e38000
			[33m[1mpte: srw 039 be9b645f c0e39000
			[33m[1mpte: srw 03a be9b745f c0e3a000
			[33m[1mpte: srw 03b be9b945f c0e3b000
			[33m[1mpte: srw 03c bdcd345f c0e3c000
			[33m[1mpte: srw 03d be2b645f c0e3d000
			[33m[1mpte: srw 03e bdd9b45f c0e3e000
			[33m[1mpte: srw 03f bf2f445f c0e3f000
			[33m[1mpte: srw 040 bdced45f c0e40000
			[33m[1mpte: srw 041 bceef45f c0e41000
			[33m[1mpte: srw 042 bdfb045f c0e42000
			[33m[1mpte: srw 043 bdf9e45f c0e43000
			[33m[1mpte: srw 044 bd86e45f c0e44000
			[33m[1mpte: srw 045 bc50545f c0e45000
			[33m[1mpte: srw 046 be9f345f c0e46000
			[33m[1mpte: srw 047 be2ce45f c0e47000
			[33m[1mpte: srw 048 be2c045f c0e48000
			[33m[1mpte: srw 049 bac8245f c0e49000
			[33m[1mpte: srw 04a bd18245f c0e4a000
			[33m[1mpte: srw 04b be38c45f c0e4b000
			[33m[1mpte: srw 04c bc50b45f c0e4c000
			[33m[1mpte: srw 04d be93645f c0e4d000
			[33m[1mpte: srw 04e bc42945f c0e4e000
			[33m[1mpte: srw 04f becbf45f c0e4f000
			[33m[1mpte: srw 050 bb0d445f c0e50000
			[33m[1mpte: srw 051 bad3245f c0e51000
			[33m[1mpte: srw 052 bd2b745f c0e52000
			[33m[1mpte: srw 053 bb26645f c0e53000
			[33m[1mpte: srw 054 bc57245f c0e54000
			[33m[1mpte: srw 055 bbb0845f c0e55000
			[33m[1mpte: srw 056 bc51245f c0e56000
			[33m[1mpte: srw 057 bc57045f c0e57000
			[33m[1mpte: srw 058 beadf45f c0e58000
			[33m[1mpte: srw 059 bc51545f c0e59000
			[33m[1mpte: srw 05a becf345f c0e5a000
			[33m[1mpte: srw 05b bcd5645f c0e5b000
			[33m[1mpte: srw 05c bd80345f c0e5c000
			[33m[1mpte: srw 05d bcc0e45f c0e5d000
			[33m[1mpte: srw 05e be1de45f c0e5e000
			[33m[1mpte: srw 05f bb37245f c0e5f000
			[33m[1mpte: srw 060 bcdf645f c0e60000
			[33m[1mpte: srw 061 bcdf745f c0e61000
			[33m[1mpte: srw 062 bc5f145f c0e62000
			[33m[1mpte: srw 063 be9a445f c0e63000
			[33m[1mpte: srw 064 bc4e545f c0e64000
			[33m[1mpte: srw 065 bd44945f c0e65000
			[33m[1mpte: srw 066 bd44a45f c0e66000
			[33m[1mpte: srw 067 bcbec45f c0e67000
			[33m[1mpte: srw 068 bb2c245f c0e68000
			[33m[1mpte: srw 069 bc8f545f c0e69000
			[33m[1mpte: srw 06a be12145f c0e6a000
			[33m[1mpte: srw 06b bb30245f c0e6b000
			[33m[1mpte: srw 06c bcc0c45f c0e6c000
			[33m[1mpte: srw 06d bc7ef45f c0e6d000
			[33m[1mpte: srw 06e bed4045f c0e6e000
			[33m[1mpte: srw 06f be47145f c0e6f000
			[33m[1mpte: srw 070 be47345f c0e70000
			[33m[1mpte: srw 071 bae9945f c0e71000
			[33m[1mpte: srw 072 bae9845f c0e72000
			[33m[1mpte: srw 073 be94645f c0e73000
			[33m[1mpte: srw 074 bd2ae45f c0e74000
			[33m[1mpte: srw 075 bd2af45f c0e75000
			[33m[1mpte: srw 076 bd35145f c0e76000
			[33m[1mpte: srw 077 bc6f945f c0e77000
			[33m[1mpte: srw 078 bcb4545f c0e78000
			[33m[1mpte: srw 079 bcb6a45f c0e79000
			[33m[1mpte: srw 07a bcb6b45f c0e7a000
			[33m[1mpte: srw 07b bcb7045f c0e7b000
			[33m[1mpte: srw 07c bbe4e45f c0e7c000
			[33m[1mpte: srw 07d bbe4f45f c0e7d000
			[33m[1mpte: srw 07e badbc45f c0e7e000
			[33m[1mpte: srw 07f bd2ac45f c0e7f000
			[33m[1mpte: srw 080 bbb3b45f c0e80000
			[33m[1mpte: srw 081 bceaa45f c0e81000
			[33m[1mpte: srw 082 ba4ff45f c0e82000
			[33m[1mpte: srw 083 bcbab45f c0e83000
			[33m[1mpte: srw 084 bcb1545f c0e84000
			[33m[1mpte: srw 085 be39545f c0e85000
			[33m[1mpte: srw 086 bc32a45f c0e86000
			[33m[1mpte: srw 087 ba54745f c0e87000
			[33m[1mpte: srw 088 be1a345f c0e88000
			[33m[1mpte: srw 089 bc9d645f c0e89000
			[33m[1mpte: srw 08a bc9d745f c0e8a000
			[33m[1mpte: srw 08b be36e45f c0e8b000
			[33m[1mpte: srw 08c bc20e45f c0e8c000
			[33m[1mpte: srw 08d beda745f c0e8d000
			[33m[1mpte: srw 08e bb37d45f c0e8e000
			[33m[1mpte: srw 08f ba55145f c0e8f000
			[33m[1mpte: srw 090 bcbad45f c0e90000
			[33m[1mpte: srw 091 bc13a45f c0e91000
			[33m[1mpte: srw 092 ba55245f c0e92000
			[33m[1mpte: srw 093 bcb9f45f c0e93000
			[33m[1mpte: srw 094 be89445f c0e94000
			[33m[1mpte: srw 095 bac3b45f c0e95000
			[33m[1mpte: srw 096 be7d745f c0e96000
			[33m[1mpte: srw 097 be7df45f c0e97000
			[33m[1mpte: srw 098 bdc0545f c0e98000
			[33m[1mpte: srw 099 be36d45f c0e99000
			[33m[1mpte: srw 09a bceda45f c0e9a000
			[33m[1mpte: srw 09b baa4845f c0e9b000
			[33m[1mpte: srw 09c bbb2b45f c0e9c000
			[33m[1mpte: srw 09d bb2ac45f c0e9d000
			[33m[1mpte: srw 09e bc7ec45f c0e9e000
			[33m[1mpte: srw 09f bf33745f c0e9f000
			[33m[1mpte: srw 0a0 ba54845f c0ea0000
			[33m[1mpte: srw 0a1 bc11345f c0ea1000
			[33m[1mpte: srw 0a2 bbf0845f c0ea2000
			[33m[1mpte: srw 0a3 bc13b45f c0ea3000
			[33m[1mpte: srw 0a4 bc12245f c0ea4000
			[33m[1mpte: srw 0a5 bef1945f c0ea5000
			[33m[1mpte: srw 0a6 bef2545f c0ea6000
			[33m[1mpte: srw 0a7 bbb4d45f c0ea7000
			[33m[1mpte: srw 0a8 bbb4e45f c0ea8000
			[33m[1mpte: srw 0a9 bbb5245f c0ea9000
			[33m[1mpte: srw 0aa bb2c045f c0eaa000
			[33m[1mpte: srw 0ab bc50d45f c0eab000
			[33m[1mpte: srw 0ac bc82745f c0eac000
			[33m[1mpte: srw 0ad bc82845f c0ead000
			[33m[1mpte: srw 0ae be0e745f c0eae000
			[33m[1mpte: srw 0af bc11445f c0eaf000
			[33m[1mpte: srw 0b0 be81945f c0eb0000
			[33m[1mpte: srw 0b1 bbf0945f c0eb1000
			[33m[1mpte: srw 0b2 bbf0a45f c0eb2000
			[33m[1mpte: srw 0b3 bc13945f c0eb3000
		[32m[1mpmd:  c0f 6e7f4c11 c0f00000
		[32msection: srw c10 4001141e c1000000
		[32msection: srx c11 4011940e c1100000
		[32msection: srx c12 4021940e c1200000
		[32msection: srx c13 4031940e c1300000
		[32msection: srx c14 4041940e c1400000
		[32msection: srx c15 4051940e c1500000
		[32msection: srw c16 4061141e c1600000
		[32msection: srw c17 4071141e c1700000
		[32msection: srw c18 4081141e c1800000
		[32msection: srw c19 4091141e c1900000
		[32msection: srw c1a 40a1141e c1a00000
		[32msection: srw c1b 40b1141e c1b00000
		[32msection: srw c1c 40c1141e c1c00000
		[32msection: srw c1d 40d1141e c1d00000
		[32msection: srw c1e 40e1141e c1e00000
		[32msection: srw c1f 40f1141e c1f00000
		[32msection: srw c20 4101141e c2000000
		[32msection: srw c21 4111141e c2100000
		[32msection: srw c22 4121141e c2200000
		[32msection: srw c23 4131141e c2300000
		[32msection: srw c24 4141141e c2400000
		[32msection: srw c25 4151141e c2500000
		[32msection: srw c26 4161141e c2600000
		[32msection: srw c27 4171141e c2700000
		[32msection: srw c28 4181141e c2800000
		[32msection: srw c29 4191141e c2900000
		[32msection: srw c2a 41a1141e c2a00000
		[32msection: srw c2b 41b1141e c2b00000
		[32msection: srw c2c 41c1141e c2c00000
		[32msection: srw c2d 41d1141e c2d00000
		[32msection: srw c2e 41e1141e c2e00000
		[32msection: srw c2f 41f1141e c2f00000
		[32msection: srw c30 4201141e c3000000
		[32msection: srw c31 4211141e c3100000
		[32msection: srw c32 4221141e c3200000
		[32msection: srw c33 4231141e c3300000
		[32msection: srw c34 4241141e c3400000
		[32msection: srw c35 4251141e c3500000
		[32msection: srw c36 4261141e c3600000
		[32msection: srw c37 4271141e c3700000
		[32msection: srw c38 4281141e c3800000
		[32msection: srw c39 4291141e c3900000
		[32msection: srw c3a 42a1141e c3a00000
		[32msection: srw c3b 42b1141e c3b00000
		[32msection: srw c3c 42c1141e c3c00000
		[32msection: srw c3d 42d1141e c3d00000
		[32msection: srw c3e 42e1141e c3e00000
		[32msection: srw c3f 42f1141e c3f00000
		[32msection: srw c40 4301141e c4000000
		[32msection: srw c41 4311141e c4100000
		[32msection: srw c42 4321141e c4200000
		[32msection: srw c43 4331141e c4300000
		[32msection: srw c44 4341141e c4400000
		[32msection: srw c45 4351141e c4500000
		[32msection: srw c46 4361141e c4600000
		[32msection: srw c47 4371141e c4700000
		[32msection: srw c48 4381141e c4800000
		[32msection: srw c49 4391141e c4900000
		[32msection: srw c4a 43a1141e c4a00000
		[32msection: srw c4b 43b1141e c4b00000
		[32msection: srw c4c 43c1141e c4c00000
		[32msection: srw c4d 43d1141e c4d00000
		[32msection: srw c4e 43e1141e c4e00000
		[32msection: srw c4f 43f1141e c4f00000
		[32msection: srw c50 4401141e c5000000
		[32msection: srw c51 4411141e c5100000
		[32msection: srw c52 4421141e c5200000
		[32msection: srw c53 4431141e c5300000
		[32msection: srw c54 4441141e c5400000
		[32msection: srw c55 4451141e c5500000
		[32msection: srw c56 4461141e c5600000
		[32msection: srw c57 4471141e c5700000
		[32msection: srw c58 4481141e c5800000
		[32msection: srw c59 4491141e c5900000
		[32msection: srw c5a 44a1141e c5a00000
		[32msection: srw c5b 44b1141e c5b00000
		[32msection: srw c5c 44c1141e c5c00000
		[32msection: srw c5d 44d1141e c5d00000
		[32msection: srw c5e 44e1141e c5e00000
		[32msection: srw c5f 44f1141e c5f00000
		[32msection: srw c60 4501141e c6000000
		[32msection: srw c61 4511141e c6100000
		[32msection: srw c62 4521141e c6200000
		[32msection: srw c63 4531141e c6300000
		[32msection: srw c64 4541141e c6400000
		[32msection: srw c65 4551141e c6500000
		[32msection: srw c66 4561141e c6600000
		[32msection: srw c67 4571141e c6700000
		[32msection: srw c68 4581141e c6800000
		[32msection: srw c69 4591141e c6900000
		[32msection: srw c6a 45a1141e c6a00000
		[32msection: srw c6b 45b1141e c6b00000
		[32msection: srw c6c 45c1141e c6c00000
		[32msection: srw c6d 45d1141e c6d00000
		[32msection: srw c6e 45e1141e c6e00000
		[32msection: srw c6f 45f1141e c6f00000
		[32msection: srw c70 4601141e c7000000
		[32msection: srw c71 4611141e c7100000
		[32msection: srw c72 4621141e c7200000
		[32msection: srw c73 4631141e c7300000
		[32msection: srw c74 4641141e c7400000
		[32msection: srw c75 4651141e c7500000
		[32msection: srw c76 4661141e c7600000
		[32msection: srw c77 4671141e c7700000
		[32msection: srw c78 4681141e c7800000
		[32msection: srw c79 4691141e c7900000
		[32msection: srw c7a 46a1141e c7a00000
		[32msection: srw c7b 46b1141e c7b00000
		[32msection: srw c7c 46c1141e c7c00000
		[32msection: srw c7d 46d1141e c7d00000
		[32msection: srw c7e 46e1141e c7e00000
		[32msection: srw c7f 46f1141e c7f00000
		[32msection: srw c80 4701141e c8000000
		[32msection: srw c81 4711141e c8100000
		[32msection: srw c82 4721141e c8200000
		[32msection: srw c83 4731141e c8300000
		[32msection: srw c84 4741141e c8400000
		[32msection: srw c85 4751141e c8500000
		[32msection: srw c86 4761141e c8600000
		[32msection: srw c87 4771141e c8700000
		[32msection: srw c88 4781141e c8800000
		[32msection: srw c89 4791141e c8900000
		[32msection: srw c8a 47a1141e c8a00000
		[32msection: srw c8b 47b1141e c8b00000
		[32msection: srw c8c 47c1141e c8c00000
		[32msection: srw c8d 47d1141e c8d00000
		[32msection: srw c8e 47e1141e c8e00000
		[32msection: srw c8f 47f1141e c8f00000
		[32msection: srw c90 4801141e c9000000
		[32msection: srw c91 4811141e c9100000
		[32msection: srw c92 4821141e c9200000
		[32msection: srw c93 4831141e c9300000
		[32msection: srw c94 4841141e c9400000
		[32msection: srw c95 4851141e c9500000
		[32msection: srw c96 4861141e c9600000
		[32msection: srw c97 4871141e c9700000
		[32msection: srw c98 4881141e c9800000
		[32msection: srw c99 4891141e c9900000
		[32msection: srw c9a 48a1141e c9a00000
		[32msection: srw c9b 48b1141e c9b00000
		[32msection: srw c9c 48c1141e c9c00000
		[32msection: srw c9d 48d1141e c9d00000
		[32msection: srw c9e 48e1141e c9e00000
		[32msection: srw c9f 48f1141e c9f00000
		[32msection: srw ca0 4901141e ca000000
		[32msection: srw ca1 4911141e ca100000
		[32msection: srw ca2 4921141e ca200000
		[32msection: srw ca3 4931141e ca300000
		[32msection: srw ca4 4941141e ca400000
		[32msection: srw ca5 4951141e ca500000
		[32msection: srw ca6 4961141e ca600000
		[32msection: srw ca7 4971141e ca700000
		[32msection: srw ca8 4981141e ca800000
		[32msection: srw ca9 4991141e ca900000
		[32msection: srw caa 49a1141e caa00000
		[32msection: srw cab 49b1141e cab00000
		[32msection: srw cac 49c1141e cac00000
		[32msection: srw cad 49d1141e cad00000
		[32msection: srw cae 49e1141e cae00000
		[32msection: srw caf 49f1141e caf00000
		[32msection: srw cb0 4a01141e cb000000
		[32msection: srw cb1 4a11141e cb100000
		[32msection: srw cb2 4a21141e cb200000
		[32msection: srw cb3 4a31141e cb300000
		[32msection: srw cb4 4a41141e cb400000
		[32msection: srw cb5 4a51141e cb500000
		[32msection: srw cb6 4a61141e cb600000
		[32msection: srw cb7 4a71141e cb700000
		[32msection: srw cb8 4a81141e cb800000
		[32msection: srw cb9 4a91141e cb900000
		[32msection: srw cba 4aa1141e cba00000
		[32msection: srw cbb 4ab1141e cbb00000
		[32msection: srw cbc 4ac1141e cbc00000
		[32msection: srw cbd 4ad1141e cbd00000
		[32msection: srw cbe 4ae1141e cbe00000
		[32msection: srw cbf 4af1141e cbf00000
		[32msection: srw cc0 4b01141e cc000000
		[32msection: srw cc1 4b11141e cc100000
		[32msection: srw cc2 4b21141e cc200000
		[32msection: srw cc3 4b31141e cc300000
		[32msection: srw cc4 4b41141e cc400000
		[32msection: srw cc5 4b51141e cc500000
		[32msection: srw cc6 4b61141e cc600000
		[32msection: srw cc7 4b71141e cc700000
		[32msection: srw cc8 4b81141e cc800000
		[32msection: srw cc9 4b91141e cc900000
		[32msection: srw cca 4ba1141e cca00000
		[32msection: srw ccb 4bb1141e ccb00000
		[32msection: srw ccc 4bc1141e ccc00000
		[32msection: srw ccd 4bd1141e ccd00000
		[32msection: srw cce 4be1141e cce00000
		[32msection: srw ccf 4bf1141e ccf00000
		[32msection: srw cd0 4c01141e cd000000
		[32msection: srw cd1 4c11141e cd100000
		[32msection: srw cd2 4c21141e cd200000
		[32msection: srw cd3 4c31141e cd300000
		[32msection: srw cd4 4c41141e cd400000
		[32msection: srw cd5 4c51141e cd500000
		[32msection: srw cd6 4c61141e cd600000
		[32msection: srw cd7 4c71141e cd700000
		[32msection: srw cd8 4c81141e cd800000
		[32msection: srw cd9 4c91141e cd900000
		[32msection: srw cda 4ca1141e cda00000
		[32msection: srw cdb 4cb1141e cdb00000
		[32msection: srw cdc 4cc1141e cdc00000
		[32msection: srw cdd 4cd1141e cdd00000
		[32msection: srw cde 4ce1141e cde00000
		[32msection: srw cdf 4cf1141e cdf00000
		[32msection: srw ce0 4d01141e ce000000
		[32msection: srw ce1 4d11141e ce100000
		[32msection: srw ce2 4d21141e ce200000
		[32msection: srw ce3 4d31141e ce300000
		[32msection: srw ce4 4d41141e ce400000
		[32msection: srw ce5 4d51141e ce500000
		[32msection: srw ce6 4d61141e ce600000
		[32msection: srw ce7 4d71141e ce700000
		[32msection: srw ce8 4d81141e ce800000
		[32msection: srw ce9 4d91141e ce900000
		[32msection: srw cea 4da1141e cea00000
		[32msection: srw ceb 4db1141e ceb00000
		[32msection: srw cec 4dc1141e cec00000
		[32msection: srw ced 4dd1141e ced00000
		[32msection: srw cee 4de1141e cee00000
		[32msection: srw cef 4df1141e cef00000
		[32msection: srw cf0 4e01141e cf000000
		[32msection: srw cf1 4e11141e cf100000
		[32msection: srw cf2 4e21141e cf200000
		[32msection: srw cf3 4e31141e cf300000
		[32msection: srw cf4 4e41141e cf400000
		[32msection: srw cf5 4e51141e cf500000
		[32msection: srw cf6 4e61141e cf600000
		[32msection: srw cf7 4e71141e cf700000
		[32msection: srw cf8 4e81141e cf800000
		[32msection: srw cf9 4e91141e cf900000
		[32msection: srw cfa 4ea1141e cfa00000
		[32msection: srw cfb 4eb1141e cfb00000
		[32msection: srw cfc 4ec1141e cfc00000
		[32msection: srw cfd 4ed1141e cfd00000
		[32msection: srw cfe 4ee1141e cfe00000
		[32msection: srw cff 4ef1141e cff00000
		[32msection: srw d00 4f01141e d0000000
		[32msection: srw d01 4f11141e d0100000
		[32msection: srw d02 4f21141e d0200000
		[32msection: srw d03 4f31141e d0300000
		[32msection: srw d04 4f41141e d0400000
		[32msection: srw d05 4f51141e d0500000
		[32msection: srw d06 4f61141e d0600000
		[32msection: srw d07 4f71141e d0700000
		[32msection: srw d08 4f81141e d0800000
		[32msection: srw d09 4f91141e d0900000
		[32msection: srw d0a 4fa1141e d0a00000
		[32msection: srw d0b 4fb1141e d0b00000
		[32msection: srw d0c 4fc1141e d0c00000
		[32msection: srw d0d 4fd1141e d0d00000
		[32msection: srw d0e 4fe1141e d0e00000
		[32msection: srw d0f 4ff1141e d0f00000
		[32msection: srw d10 5001141e d1000000
		[32msection: srw d11 5011141e d1100000
		[32msection: srw d12 5021141e d1200000
		[32msection: srw d13 5031141e d1300000
		[32msection: srw d14 5041141e d1400000
		[32msection: srw d15 5051141e d1500000
		[32msection: srw d16 5061141e d1600000
		[32msection: srw d17 5071141e d1700000
		[32msection: srw d18 5081141e d1800000
		[32msection: srw d19 5091141e d1900000
		[32msection: srw d1a 50a1141e d1a00000
		[32msection: srw d1b 50b1141e d1b00000
		[32msection: srw d1c 50c1141e d1c00000
		[32msection: srw d1d 50d1141e d1d00000
		[32msection: srw d1e 50e1141e d1e00000
		[32msection: srw d1f 50f1141e d1f00000
		[32msection: srw d20 5101141e d2000000
		[32msection: srw d21 5111141e d2100000
		[32msection: srw d22 5121141e d2200000
		[32msection: srw d23 5131141e d2300000
		[32msection: srw d24 5141141e d2400000
		[32msection: srw d25 5151141e d2500000
		[32msection: srw d26 5161141e d2600000
		[32msection: srw d27 5171141e d2700000
		[32msection: srw d28 5181141e d2800000
		[32msection: srw d29 5191141e d2900000
		[32msection: srw d2a 51a1141e d2a00000
		[32msection: srw d2b 51b1141e d2b00000
		[32msection: srw d2c 51c1141e d2c00000
		[32msection: srw d2d 51d1141e d2d00000
		[32msection: srw d2e 51e1141e d2e00000
		[32msection: srw d2f 51f1141e d2f00000
		[32msection: srw d30 5201141e d3000000
		[32msection: srw d31 5211141e d3100000
		[32msection: srw d32 5221141e d3200000
		[32msection: srw d33 5231141e d3300000
		[32msection: srw d34 5241141e d3400000
		[32msection: srw d35 5251141e d3500000
		[32msection: srw d36 5261141e d3600000
		[32msection: srw d37 5271141e d3700000
		[32msection: srw d38 5281141e d3800000
		[32msection: srw d39 5291141e d3900000
		[32msection: srw d3a 52a1141e d3a00000
		[32msection: srw d3b 52b1141e d3b00000
		[32msection: srw d3c 52c1141e d3c00000
		[32msection: srw d3d 52d1141e d3d00000
		[32msection: srw d3e 52e1141e d3e00000
		[32msection: srw d3f 52f1141e d3f00000
		[32msection: srw d40 5301141e d4000000
		[32msection: srw d41 5311141e d4100000
		[32msection: srw d42 5321141e d4200000
		[32msection: srw d43 5331141e d4300000
		[32msection: srw d44 5341141e d4400000
		[32msection: srw d45 5351141e d4500000
		[32msection: srw d46 5361141e d4600000
		[32msection: srw d47 5371141e d4700000
		[32msection: srw d48 5381141e d4800000
		[32msection: srw d49 5391141e d4900000
		[32msection: srw d4a 53a1141e d4a00000
		[32msection: srw d4b 53b1141e d4b00000
		[32msection: srw d4c 53c1141e d4c00000
		[32msection: srw d4d 53d1141e d4d00000
		[32msection: srw d4e 53e1141e d4e00000
		[32msection: srw d4f 53f1141e d4f00000
		[32msection: srw d50 5401141e d5000000
		[32msection: srw d51 5411141e d5100000
		[32msection: srw d52 5421141e d5200000
		[32msection: srw d53 5431141e d5300000
		[32msection: srw d54 5441141e d5400000
		[32msection: srw d55 5451141e d5500000
		[32msection: srw d56 5461141e d5600000
		[32msection: srw d57 5471141e d5700000
		[32msection: srw d58 5481141e d5800000
		[32msection: srw d59 5491141e d5900000
		[32msection: srw d5a 54a1141e d5a00000
		[32msection: srw d5b 54b1141e d5b00000
		[32msection: srw d5c 54c1141e d5c00000
		[32msection: srw d5d 54d1141e d5d00000
		[32msection: srw d5e 54e1141e d5e00000
		[32msection: srw d5f 54f1141e d5f00000
		[32msection: srw d60 5501141e d6000000
		[32msection: srw d61 5511141e d6100000
		[32msection: srw d62 5521141e d6200000
		[32msection: srw d63 5531141e d6300000
		[32msection: srw d64 5541141e d6400000
		[32msection: srw d65 5551141e d6500000
		[32msection: srw d66 5561141e d6600000
		[32msection: srw d67 5571141e d6700000
		[32msection: srw d68 5581141e d6800000
		[32msection: srw d69 5591141e d6900000
		[32msection: srw d6a 55a1141e d6a00000
		[32msection: srw d6b 55b1141e d6b00000
		[32msection: srw d6c 55c1141e d6c00000
		[32msection: srw d6d 55d1141e d6d00000
		[32msection: srw d6e 55e1141e d6e00000
		[32msection: srw d6f 55f1141e d6f00000
		[32msection: srw d70 5601141e d7000000
		[32msection: srw d71 5611141e d7100000
		[32msection: srw d72 5621141e d7200000
		[32msection: srw d73 5631141e d7300000
		[32msection: srw d74 5641141e d7400000
		[32msection: srw d75 5651141e d7500000
		[32msection: srw d76 5661141e d7600000
		[32msection: srw d77 5671141e d7700000
		[32msection: srw d78 5681141e d7800000
		[32msection: srw d79 5691141e d7900000
		[32msection: srw d7a 56a1141e d7a00000
		[32msection: srw d7b 56b1141e d7b00000
		[32msection: srw d7c 56c1141e d7c00000
		[32msection: srw d7d 56d1141e d7d00000
		[32msection: srw d7e 56e1141e d7e00000
		[32msection: srw d7f 56f1141e d7f00000
		[32msection: srw d80 5701141e d8000000
		[32msection: srw d81 5711141e d8100000
		[32msection: srw d82 5721141e d8200000
		[32msection: srw d83 5731141e d8300000
		[32msection: srw d84 5741141e d8400000
		[32msection: srw d85 5751141e d8500000
		[32msection: srw d86 5761141e d8600000
		[32msection: srw d87 5771141e d8700000
		[32msection: srw d88 5781141e d8800000
		[32msection: srw d89 5791141e d8900000
		[32msection: srw d8a 57a1141e d8a00000
		[32msection: srw d8b 57b1141e d8b00000
		[32msection: srw d8c 57c1141e d8c00000
		[32msection: srw d8d 57d1141e d8d00000
		[32msection: srw d8e 57e1141e d8e00000
		[32msection: srw d8f 57f1141e d8f00000
		[32msection: srw d90 5801141e d9000000
		[32msection: srw d91 5811141e d9100000
		[32msection: srw d92 5821141e d9200000
		[32msection: srw d93 5831141e d9300000
		[32msection: srw d94 5841141e d9400000
		[32msection: srw d95 5851141e d9500000
		[32msection: srw d96 5861141e d9600000
		[32msection: srw d97 5871141e d9700000
		[32msection: srw d98 5881141e d9800000
		[32msection: srw d99 5891141e d9900000
		[32msection: srw d9a 58a1141e d9a00000
		[32msection: srw d9b 58b1141e d9b00000
		[32msection: srw d9c 58c1141e d9c00000
		[32msection: srw d9d 58d1141e d9d00000
		[32msection: srw d9e 58e1141e d9e00000
		[32msection: srw d9f 58f1141e d9f00000
		[32msection: srw da0 5901141e da000000
		[32msection: srw da1 5911141e da100000
		[32msection: srw da2 5921141e da200000
		[32msection: srw da3 5931141e da300000
		[32msection: srw da4 5941141e da400000
		[32msection: srw da5 5951141e da500000
		[32msection: srw da6 5961141e da600000
		[32msection: srw da7 5971141e da700000
		[32msection: srw da8 5981141e da800000
		[32msection: srw da9 5991141e da900000
		[32msection: srw daa 59a1141e daa00000
		[32msection: srw dab 59b1141e dab00000
		[32msection: srw dac 59c1141e dac00000
		[32msection: srw dad 59d1141e dad00000
		[32msection: srw dae 59e1141e dae00000
		[32msection: srw daf 59f1141e daf00000
		[32msection: srw db0 5a01141e db000000
		[32msection: srw db1 5a11141e db100000
		[32msection: srw db2 5a21141e db200000
		[32msection: srw db3 5a31141e db300000
		[32msection: srw db4 5a41141e db400000
		[32msection: srw db5 5a51141e db500000
		[32msection: srw db6 5a61141e db600000
		[32msection: srw db7 5a71141e db700000
		[32msection: srw db8 5a81141e db800000
		[32msection: srw db9 5a91141e db900000
		[32msection: srw dba 5aa1141e dba00000
		[32msection: srw dbb 5ab1141e dbb00000
		[32msection: srw dbc 5ac1141e dbc00000
		[32msection: srw dbd 5ad1141e dbd00000
		[32msection: srw dbe 5ae1141e dbe00000
		[32msection: srw dbf 5af1141e dbf00000
		[32msection: srw dc0 5b01141e dc000000
		[32msection: srw dc1 5b11141e dc100000
		[32msection: srw dc2 5b21141e dc200000
		[32msection: srw dc3 5b31141e dc300000
		[32msection: srw dc4 5b41141e dc400000
		[32msection: srw dc5 5b51141e dc500000
		[32msection: srw dc6 5b61141e dc600000
		[32msection: srw dc7 5b71141e dc700000
		[32msection: srw dc8 5b81141e dc800000
		[32msection: srw dc9 5b91141e dc900000
		[32msection: srw dca 5ba1141e dca00000
		[32msection: srw dcb 5bb1141e dcb00000
		[32msection: srw dcc 5bc1141e dcc00000
		[32msection: srw dcd 5bd1141e dcd00000
		[32msection: srw dce 5be1141e dce00000
		[32msection: srw dcf 5bf1141e dcf00000
		[32msection: srw dd0 5c01141e dd000000
		[32msection: srw dd1 5c11141e dd100000
		[32msection: srw dd2 5c21141e dd200000
		[32msection: srw dd3 5c31141e dd300000
		[32msection: srw dd4 5c41141e dd400000
		[32msection: srw dd5 5c51141e dd500000
		[32msection: srw dd6 5c61141e dd600000
		[32msection: srw dd7 5c71141e dd700000
		[32msection: srw dd8 5c81141e dd800000
		[32msection: srw dd9 5c91141e dd900000
		[32msection: srw dda 5ca1141e dda00000
		[32msection: srw ddb 5cb1141e ddb00000
		[32msection: srw ddc 5cc1141e ddc00000
		[32msection: srw ddd 5cd1141e ddd00000
		[32msection: srw dde 5ce1141e dde00000
		[32msection: srw ddf 5cf1141e ddf00000
		[32msection: srw de0 5d01141e de000000
		[32msection: srw de1 5d11141e de100000
		[32msection: srw de2 5d21141e de200000
		[32msection: srw de3 5d31141e de300000
		[32msection: srw de4 5d41141e de400000
		[32msection: srw de5 5d51141e de500000
		[32msection: srw de6 5d61141e de600000
		[32msection: srw de7 5d71141e de700000
		[32msection: srw de8 5d81141e de800000
		[32msection: srw de9 5d91141e de900000
		[32msection: srw dea 5da1141e dea00000
		[32msection: srw deb 5db1141e deb00000
		[32msection: srw dec 5dc1141e dec00000
		[32msection: srw ded 5dd1141e ded00000
		[32msection: srw dee 5de1141e dee00000
		[32msection: srw def 5df1141e def00000
		[32msection: srw df0 5e01141e df000000
		[32msection: srw df1 5e11141e df100000
		[32msection: srw df2 5e21141e df200000
		[32msection: srw df3 5e31141e df300000
		[32msection: srw df4 5e41141e df400000
		[32msection: srw df5 5e51141e df500000
		[32msection: srw df6 5e61141e df600000
		[32msection: srw df7 5e71141e df700000
		[32msection: srw df8 5e81141e df800000
		[32msection: srw df9 5e91141e df900000
		[32msection: srw dfa 5ea1141e dfa00000
		[32msection: srw dfb 5eb1141e dfb00000
		[32msection: srw dfc 5ec1141e dfc00000
		[32msection: srw dfd 5ed1141e dfd00000
		[32msection: srw dfe 5ee1141e dfe00000
		[32msection: srw dff 5ef1141e dff00000
		[32msection: srw e00 5f01141e e0000000
		[32msection: srw e01 5f11141e e0100000
		[32msection: srw e02 5f21141e e0200000
		[32msection: srw e03 5f31141e e0300000
		[32msection: srw e04 5f41141e e0400000
		[32msection: srw e05 5f51141e e0500000
		[32msection: srw e06 5f61141e e0600000
		[32msection: srw e07 5f71141e e0700000
		[32msection: srw e08 5f81141e e0800000
		[32msection: srw e09 5f91141e e0900000
		[32msection: srw e0a 5fa1141e e0a00000
		[32msection: srw e0b 5fb1141e e0b00000
		[32msection: srw e0c 5fc1141e e0c00000
		[32msection: srw e0d 5fd1141e e0d00000
		[32msection: srw e0e 5fe1141e e0e00000
		[32msection: srw e0f 5ff1141e e0f00000
		[32msection: srw e10 6001141e e1000000
		[32msection: srw e11 6011141e e1100000
		[32msection: srw e12 6021141e e1200000
		[32msection: srw e13 6031141e e1300000
		[32msection: srw e14 6041141e e1400000
		[32msection: srw e15 6051141e e1500000
		[32msection: srw e16 6061141e e1600000
		[32msection: srw e17 6071141e e1700000
		[32msection: srw e18 6081141e e1800000
		[32msection: srw e19 6091141e e1900000
		[32msection: srw e1a 60a1141e e1a00000
		[32msection: srw e1b 60b1141e e1b00000
		[32msection: srw e1c 60c1141e e1c00000
		[32msection: srw e1d 60d1141e e1d00000
		[32msection: srw e1e 60e1141e e1e00000
		[32msection: srw e1f 60f1141e e1f00000
		[32msection: srw e20 6101141e e2000000
		[32msection: srw e21 6111141e e2100000
		[32msection: srw e22 6121141e e2200000
		[32msection: srw e23 6131141e e2300000
		[32msection: srw e24 6141141e e2400000
		[32msection: srw e25 6151141e e2500000
		[32msection: srw e26 6161141e e2600000
		[32msection: srw e27 6171141e e2700000
		[32msection: srw e28 6181141e e2800000
		[32msection: srw e29 6191141e e2900000
		[32msection: srw e2a 61a1141e e2a00000
		[32msection: srw e2b 61b1141e e2b00000
		[32msection: srw e2c 61c1141e e2c00000
		[32msection: srw e2d 61d1141e e2d00000
		[32msection: srw e2e 61e1141e e2e00000
		[32msection: srw e2f 61f1141e e2f00000
		[32msection: srw e30 6201141e e3000000
		[32msection: srw e31 6211141e e3100000
		[32msection: srw e32 6221141e e3200000
		[32msection: srw e33 6231141e e3300000
		[32msection: srw e34 6241141e e3400000
		[32msection: srw e35 6251141e e3500000
		[32msection: srw e36 6261141e e3600000
		[32msection: srw e37 6271141e e3700000
		[32msection: srw e38 6281141e e3800000
		[32msection: srw e39 6291141e e3900000
		[32msection: srw e3a 62a1141e e3a00000
		[32msection: srw e3b 62b1141e e3b00000
		[32msection: srw e3c 62c1141e e3c00000
		[32msection: srw e3d 62d1141e e3d00000
		[32msection: srw e3e 62e1141e e3e00000
		[32msection: srw e3f 62f1141e e3f00000
		[32msection: srw e40 6301141e e4000000
		[32msection: srw e41 6311141e e4100000
		[32msection: srw e42 6321141e e4200000
		[32msection: srw e43 6331141e e4300000
		[32msection: srw e44 6341141e e4400000
		[32msection: srw e45 6351141e e4500000
		[32msection: srw e46 6361141e e4600000
		[32msection: srw e47 6371141e e4700000
		[32msection: srw e48 6381141e e4800000
		[32msection: srw e49 6391141e e4900000
		[32msection: srw e4a 63a1141e e4a00000
		[32msection: srw e4b 63b1141e e4b00000
		[32msection: srw e4c 63c1141e e4c00000
		[32msection: srw e4d 63d1141e e4d00000
		[32msection: srw e4e 63e1141e e4e00000
		[32msection: srw e4f 63f1141e e4f00000
		[32msection: srw e50 6401141e e5000000
		[32msection: srw e51 6411141e e5100000
		[32msection: srw e52 6421141e e5200000
		[32msection: srw e53 6431141e e5300000
		[32msection: srw e54 6441141e e5400000
		[32msection: srw e55 6451141e e5500000
		[32msection: srw e56 6461141e e5600000
		[32msection: srw e57 6471141e e5700000
		[32msection: srw e58 6481141e e5800000
		[32msection: srw e59 6491141e e5900000
		[32msection: srw e5a 64a1141e e5a00000
		[32msection: srw e5b 64b1141e e5b00000
		[32msection: srw e5c 64c1141e e5c00000
		[32msection: srw e5d 64d1141e e5d00000
		[32msection: srw e5e 64e1141e e5e00000
		[32msection: srw e5f 64f1141e e5f00000
		[32msection: srw e60 6501141e e6000000
		[32msection: srw e61 6511141e e6100000
		[32msection: srw e62 6521141e e6200000
		[32msection: srw e63 6531141e e6300000
		[32msection: srw e64 6541141e e6400000
		[32msection: srw e65 6551141e e6500000
		[32msection: srw e66 6561141e e6600000
		[32msection: srw e67 6571141e e6700000
		[32msection: srw e68 6581141e e6800000
		[32msection: srw e69 6591141e e6900000
		[32msection: srw e6a 65a1141e e6a00000
		[32msection: srw e6b 65b1141e e6b00000
		[32msection: srw e6c 65c1141e e6c00000
		[32msection: srw e6d 65d1141e e6d00000
		[32msection: srw e6e 65e1141e e6e00000
		[32msection: srw e6f 65f1141e e6f00000
		[32msection: srw e70 6601141e e7000000
		[32msection: srw e71 6611141e e7100000
		[32msection: srw e72 6621141e e7200000
		[32msection: srw e73 6631141e e7300000
		[32msection: srw e74 6641141e e7400000
		[32msection: srw e75 6651141e e7500000
		[32msection: srw e76 6661141e e7600000
		[32msection: srw e77 6671141e e7700000
		[32msection: srw e78 6681141e e7800000
		[32msection: srw e79 6691141e e7900000
		[32msection: srw e7a 66a1141e e7a00000
		[32msection: srw e7b 66b1141e e7b00000
		[32msection: srw e7c 66c1141e e7c00000
		[32msection: srw e7d 66d1141e e7d00000
		[32msection: srw e7e 66e1141e e7e00000
		[32msection: srw e7f 66f1141e e7f00000
		[32msection: srw e80 6701141e e8000000
		[32msection: srw e81 6711141e e8100000
		[32msection: srw e82 6721141e e8200000
		[32msection: srw e83 6731141e e8300000
		[32msection: srw e84 6741141e e8400000
		[32msection: srw e85 6751141e e8500000
		[32msection: srw e86 6761141e e8600000
		[32msection: srw e87 6771141e e8700000
		[32msection: srw e88 6781141e e8800000
		[32msection: srw e89 6791141e e8900000
		[32msection: srw e8a 67a1141e e8a00000
		[32msection: srw e8b 67b1141e e8b00000
		[32msection: srw e8c 67c1141e e8c00000
		[32msection: srw e8d 67d1141e e8d00000
		[32msection: srw e8e 67e1141e e8e00000
		[32msection: srw e8f 67f1141e e8f00000
		[32msection: srw e90 6801141e e9000000
		[32msection: srw e91 6811141e e9100000
		[32msection: srw e92 6821141e e9200000
		[32msection: srw e93 6831141e e9300000
		[32msection: srw e94 6841141e e9400000
		[32msection: srw e95 6851141e e9500000
		[32msection: srw e96 6861141e e9600000
		[32msection: srw e97 6871141e e9700000
		[32msection: srw e98 6881141e e9800000
		[32msection: srw e99 6891141e e9900000
		[32msection: srw e9a 68a1141e e9a00000
		[32msection: srw e9b 68b1141e e9b00000
		[32msection: srw e9c 68c1141e e9c00000
		[32msection: srw e9d 68d1141e e9d00000
		[32msection: srw e9e 68e1141e e9e00000
		[32msection: srw e9f 68f1141e e9f00000
		[32msection: srw ea0 6901141e ea000000
		[32msection: srw ea1 6911141e ea100000
		[32msection: srw ea2 6921141e ea200000
		[32msection: srw ea3 6931141e ea300000
		[32msection: srw ea4 6941141e ea400000
		[32msection: srw ea5 6951141e ea500000
		[32msection: srw ea6 6961141e ea600000
		[32msection: srw ea7 6971141e ea700000
		[32msection: srw ea8 6981141e ea800000
		[32msection: srw ea9 6991141e ea900000
		[32msection: srw eaa 69a1141e eaa00000
		[32msection: srw eab 69b1141e eab00000
		[32msection: srw eac 69c1141e eac00000
		[32msection: srw ead 69d1141e ead00000
		[32msection: srw eae 69e1141e eae00000
		[32msection: srw eaf 69f1141e eaf00000
		[32msection: srw eb0 6a01141e eb000000
		[32msection: srw eb1 6a11141e eb100000
		[32msection: srw eb2 6a21141e eb200000
		[32msection: srw eb3 6a31141e eb300000
		[32msection: srw eb4 6a41141e eb400000
		[32msection: srw eb5 6a51141e eb500000
		[32msection: srw eb6 6a61141e eb600000
		[32msection: srw eb7 6a71141e eb700000
		[32msection: srw eb8 6a81141e eb800000
		[32msection: srw eb9 6a91141e eb900000
		[32msection: srw eba 6aa1141e eba00000
		[32msection: srw ebb 6ab1141e ebb00000
		[32msection: srw ebc 6ac1141e ebc00000
		[32msection: srw ebd 6ad1141e ebd00000
		[32msection: srw ebe 6ae1141e ebe00000
		[32msection: srw ebf 6af1141e ebf00000
		[32msection: srw ec0 6b01141e ec000000
		[32msection: srw ec1 6b11141e ec100000
		[32msection: srw ec2 6b21141e ec200000
		[32msection: srw ec3 6b31141e ec300000
		[32msection: srw ec4 6b41141e ec400000
		[32msection: srw ec5 6b51141e ec500000
		[32msection: srw ec6 6b61141e ec600000
		[32msection: srw ec7 6b71141e ec700000
		[32msection: srw ec8 6b81141e ec800000
		[32msection: srw ec9 6b91141e ec900000
		[32msection: srw eca 6ba1141e eca00000
		[32msection: srw ecb 6bb1141e ecb00000
		[32msection: srw ecc 6bc1141e ecc00000
		[32msection: srw ecd 6bd1141e ecd00000
		[32msection: srw ece 6be1141e ece00000
		[32msection: srw ecf 6bf1141e ecf00000
		[32msection: srw ed0 6c01141e ed000000
		[32msection: srw ed1 6c11141e ed100000
		[32msection: srw ed2 6c21141e ed200000
		[32msection: srw ed3 6c31141e ed300000
		[32msection: srw ed4 6c41141e ed400000
		[32msection: srw ed5 6c51141e ed500000
		[32msection: srw ed6 6c61141e ed600000
		[32msection: srw ed7 6c71141e ed700000
		[32msection: srw ed8 6c81141e ed800000
		[32msection: srw ed9 6c91141e ed900000
		[32msection: srw eda 6ca1141e eda00000
		[32msection: srw edb 6cb1141e edb00000
		[32msection: srw edc 6cc1141e edc00000
		[32msection: srw edd 6cd1141e edd00000
		[32msection: srw ede 6ce1141e ede00000
		[32msection: srw edf 6cf1141e edf00000
		[32msection: srw ee0 6d01141e ee000000
		[32msection: srw ee1 6d11141e ee100000
		[32msection: srw ee2 6d21141e ee200000
		[32msection: srw ee3 6d31141e ee300000
		[32msection: srw ee4 6d41141e ee400000
		[32msection: srw ee5 6d51141e ee500000
		[32msection: srw ee6 6d61141e ee600000
		[32msection: srw ee7 6d71141e ee700000
		[32msection: srw ee8 6d81141e ee800000
		[32msection: srw ee9 6d91141e ee900000
		[32msection: srw eea 6da1141e eea00000
		[32msection: srw eeb 6db1141e eeb00000
		[32msection: srw eec 6dc1141e eec00000
		[32msection: srw eed 6dd1141e eed00000
		[32msection: srw eee 6de1141e eee00000
		[32msection: srw eef 6df1141e eef00000
		[32msection: srw ef0 6e01141e ef000000
		[32msection: srw ef1 6e11141e ef100000
		[32msection: srw ef2 6e21141e ef200000
		[32msection: srw ef3 6e31141e ef300000
		[32msection: srw ef4 6e41141e ef400000
		[32msection: srw ef5 6e51141e ef500000
		[32msection: srw ef6 6e61141e ef600000
		[32msection: srw ef7 6e71141e ef700000
		[32m[1mpmd:  f00 6e02c811 f0000000
			[33m[1mpte: srw 004 11400453 f0004000
			[33m[1mpte: srw 006 13400453 f0006000
			[33m[1mpte: srw 008 10d10453 f0008000
			[33m[1mpte: srw 00a 03860453 f000a000
			[33m[1mpte: srw 00c 6e100417 f000c000
			[33m[1mpte: srw 00d 6e101417 f000d000
			[33m[1mpte: srw 00e 6e102417 f000e000
			[33m[1mpte: srw 00f 6e103417 f000f000
			[33m[1mpte: srw 010 6e104417 f0010000
			[33m[1mpte: srw 011 6e105417 f0011000
			[33m[1mpte: srw 012 6e106417 f0012000
			[33m[1mpte: srw 013 6e107417 f0013000
			[33m[1mpte: srw 014 6e108417 f0014000
			[33m[1mpte: srw 015 6e109417 f0015000
			[33m[1mpte: srw 016 6e10a417 f0016000
			[33m[1mpte: srw 017 6e10b417 f0017000
			[33m[1mpte: srw 018 6e10c417 f0018000
			[33m[1mpte: srw 019 6e10d417 f0019000
			[33m[1mpte: srw 01a 6e10e417 f001a000
			[33m[1mpte: srw 01b 6e10f417 f001b000
			[33m[1mpte: srw 01c 6e110417 f001c000
			[33m[1mpte: srw 01d 6e111417 f001d000
			[33m[1mpte: srw 01e 6e112417 f001e000
			[33m[1mpte: srw 01f 6e113417 f001f000
			[33m[1mpte: srw 020 6e114417 f0020000
			[33m[1mpte: srw 021 6e115417 f0021000
			[33m[1mpte: srw 022 6e116417 f0022000
			[33m[1mpte: srw 023 6e117417 f0023000
			[33m[1mpte: srw 024 6e118417 f0024000
			[33m[1mpte: srw 025 6e119417 f0025000
			[33m[1mpte: srw 026 6e11a417 f0026000
			[33m[1mpte: srw 027 6e11b417 f0027000
			[33m[1mpte: srw 028 6e11c417 f0028000
			[33m[1mpte: srw 029 6e11d417 f0029000
			[33m[1mpte: srw 02a 6e11e417 f002a000
			[33m[1mpte: srw 02b 6e11f417 f002b000
			[33m[1mpte: srw 02c 6e120417 f002c000
			[33m[1mpte: srw 02d 6e121417 f002d000
			[33m[1mpte: srw 02e 6e122417 f002e000
			[33m[1mpte: srw 02f 6e123417 f002f000
			[33m[1mpte: srw 030 6e124417 f0030000
			[33m[1mpte: srw 031 6e125417 f0031000
			[33m[1mpte: srw 032 6e126417 f0032000
			[33m[1mpte: srw 033 6e127417 f0033000
			[33m[1mpte: srw 034 6e128417 f0034000
			[33m[1mpte: srw 035 6e129417 f0035000
			[33m[1mpte: srw 036 6e12a417 f0036000
			[33m[1mpte: srw 037 6e12b417 f0037000
			[33m[1mpte: srw 038 6e12c417 f0038000
			[33m[1mpte: srw 039 6e12d417 f0039000
			[33m[1mpte: srw 03a 6e12e417 f003a000
			[33m[1mpte: srw 03b 6e12f417 f003b000
			[33m[1mpte: srw 03c 6e130417 f003c000
			[33m[1mpte: srw 03d 6e131417 f003d000
			[33m[1mpte: srw 03e 6e132417 f003e000
			[33m[1mpte: srw 03f 6e133417 f003f000
			[33m[1mpte: srw 040 6e134417 f0040000
			[33m[1mpte: srw 041 6e135417 f0041000
			[33m[1mpte: srw 042 6e136417 f0042000
			[33m[1mpte: srw 043 6e137417 f0043000
			[33m[1mpte: srw 044 6e138417 f0044000
			[33m[1mpte: srw 045 6e139417 f0045000
			[33m[1mpte: srw 046 6e13a417 f0046000
			[33m[1mpte: srw 047 6e13b417 f0047000
			[33m[1mpte: srw 048 6e13c417 f0048000
			[33m[1mpte: srw 049 6e13d417 f0049000
			[33m[1mpte: srw 04a 6e13e417 f004a000
			[33m[1mpte: srw 04b 6e13f417 f004b000
			[33m[1mpte: srw 056 11400453 f0056000
			[33m[1mpte: srw 058 121d0453 f0058000
			[33m[1mpte: srw 05a bfc0045f f005a000
			[33m[1mpte: srw 05b bfc0145f f005b000
			[33m[1mpte: srw 05c bfc0245f f005c000
			[33m[1mpte: srw 05d bfc0345f f005d000
			[33m[1mpte: srw 05e bfc0445f f005e000
			[33m[1mpte: srw 05f bfc0545f f005f000
			[33m[1mpte: srw 060 bfc0645f f0060000
			[33m[1mpte: srw 061 bfc0745f f0061000
			[33m[1mpte: srw 062 bfc0845f f0062000
			[33m[1mpte: srw 063 bfc0945f f0063000
			[33m[1mpte: srw 064 bfc0a45f f0064000
			[33m[1mpte: srw 066 121a0453 f0066000
			[33m[1mpte: srw 068 6dbbc417 f0068000
			[33m[1mpte: srw 06a 121b0453 f006a000
			[33m[1mpte: srw 06c 6dbaf417 f006c000
			[33m[1mpte: srw 06e 11c10453 f006e000
			[33m[1mpte: srw 070 6dba2417 f0070000
			[33m[1mpte: srw 072 12170453 f0072000
			[33m[1mpte: srw 074 122f0453 f0074000
			[33m[1mpte: srw 076 6e1e0417 f0076000
			[33m[1mpte: srw 077 6e1e1417 f0077000
			[33m[1mpte: srw 078 6e1e2417 f0078000
			[33m[1mpte: srw 079 6e1e3417 f0079000
			[33m[1mpte: srw 07a 6e1e4417 f007a000
			[33m[1mpte: srw 07b 6e1e5417 f007b000
			[33m[1mpte: srw 07c 6e1e6417 f007c000
			[33m[1mpte: srw 07d 6e1e7417 f007d000
			[33m[1mpte: srw 07e 6e1e8417 f007e000
			[33m[1mpte: srw 07f 6e1e9417 f007f000
			[33m[1mpte: srw 080 6e1ea417 f0080000
			[33m[1mpte: srw 081 6e1eb417 f0081000
			[33m[1mpte: srw 082 6e1ec417 f0082000
			[33m[1mpte: srw 083 6e1ed417 f0083000
			[33m[1mpte: srw 084 6e1ee417 f0084000
			[33m[1mpte: srw 085 6e1ef417 f0085000
			[33m[1mpte: srw 086 6e1f0417 f0086000
			[33m[1mpte: srw 087 6e1f1417 f0087000
			[33m[1mpte: srw 088 6e1f2417 f0088000
			[33m[1mpte: srw 089 6e1f3417 f0089000
			[33m[1mpte: srw 08a 6e1f4417 f008a000
			[33m[1mpte: srw 08b 6e1f5417 f008b000
			[33m[1mpte: srw 08c 6e1f6417 f008c000
			[33m[1mpte: srw 08e 12130453 f008e000
			[33m[1mpte: srw 090 12100453 f0090000
			[33m[1mpte: srw 092 6e1f7417 f0092000
			[33m[1mpte: srw 094 12110453 f0094000
			[33m[1mpte: srw 096 6d40d417 f0096000
			[33m[1mpte: srw 098 1200c453 f0098000
			[33m[1mpte: srw 099 1200d453 f0099000
			[33m[1mpte: srw 09a 1200e453 f009a000
			[33m[1mpte: srw 09b 1200f453 f009b000
			[33m[1mpte: srw 09d 6d8bc417 f009d000
			[33m[1mpte: srw 09f 6d8bd417 f009f000
			[33m[1mpte: srw 0a2 12120453 f00a2000
			[33m[1mpte: srw 0a4 6d890417 f00a4000
			[33m[1mpte: srw 0a6 6d8fe417 f00a6000
			[33m[1mpte: srw 0a8 6d404417 f00a8000
			[33m[1mpte: srw 0aa 6d405417 f00aa000
			[33m[1mpte: srw 0ac 6d8ec417 f00ac000
			[33m[1mpte: srw 0ae 6d8ed417 f00ae000
			[33m[1mpte: srw 0b0 12000453 f00b0000
			[33m[1mpte: srw 0b1 12001453 f00b1000
			[33m[1mpte: srw 0b2 12002453 f00b2000
			[33m[1mpte: srw 0b3 12003453 f00b3000
			[33m[1mpte: srw 0b4 12004453 f00b4000
			[33m[1mpte: srw 0b5 12005453 f00b5000
			[33m[1mpte: srw 0b6 12006453 f00b6000
			[33m[1mpte: srw 0b7 12007453 f00b7000
			[33m[1mpte: srw 0b9 6d4fe417 f00b9000
			[33m[1mpte: srw 0bc 12200453 f00bc000
			[33m[1mpte: srw 0be 6e34c417 f00be000
			[33m[1mpte: srw 0c0 12220453 f00c0000
			[33m[1mpte: srw 0c2 6e332417 f00c2000
			[33m[1mpte: srw 0c4 bfc1f45f f00c4000
			[33m[1mpte: srw 0c5 bfc2045f f00c5000
		[32m[1mpmd:  f01 6e02cc11 f0100000
		[32m[1mpmd:  f60 6e7fb841 f6000000
		[32m[1mpmd:  f61 6e7fbc41 f6100000
			[33m[1mpte: srw 000 10050453 f6100000
			[33m[1mpte: srw 001 10051453 f6101000
			[33m[1mpte: srw 002 10052453 f6102000
			[33m[1mpte: srw 003 10053453 f6103000
			[33m[1mpte: srw 004 10054453 f6104000
			[33m[1mpte: srw 005 10055453 f6105000
			[33m[1mpte: srw 006 10056453 f6106000
			[33m[1mpte: srw 007 10057453 f6107000
			[33m[1mpte: srw 008 10058453 f6108000
			[33m[1mpte: srw 009 10059453 f6109000
			[33m[1mpte: srw 00a 1005a453 f610a000
			[33m[1mpte: srw 00b 1005b453 f610b000
			[33m[1mpte: srw 00c 1005c453 f610c000
			[33m[1mpte: srw 00d 1005d453 f610d000
			[33m[1mpte: srw 00e 1005e453 f610e000
			[33m[1mpte: srw 00f 1005f453 f610f000
		[32m[1mpmd:  f62 6e7fa841 f6200000
		[32m[1mpmd:  f63 6e7fac41 f6300000
			[33m[1mpte: srw 000 12dd0453 f6300000
			[33m[1mpte: srw 001 12dd1453 f6301000
			[33m[1mpte: srw 002 12dd2453 f6302000
			[33m[1mpte: srw 003 12dd3453 f6303000
		[32m[1mpmd:  f64 6e7f9841 f6400000
			[33m[1mpte: srw 000 101d0453 f6400000
		[32m[1mpmd:  f65 6e7f9c41 f6500000
		[32m[1mpmd:  f70 6e7f6841 f7000000
			[33m[1mpte: srw 000 12c00453 f7000000
			[33m[1mpte: srw 001 12c01453 f7001000
			[33m[1mpte: srw 002 12c02453 f7002000
			[33m[1mpte: srw 003 12c03453 f7003000
			[33m[1mpte: srw 004 12c04453 f7004000
			[33m[1mpte: srw 005 12c05453 f7005000
			[33m[1mpte: srw 006 12c06453 f7006000
			[33m[1mpte: srw 007 12c07453 f7007000
			[33m[1mpte: srw 008 12c08453 f7008000
			[33m[1mpte: srw 009 12c09453 f7009000
			[33m[1mpte: srw 00a 12c0a453 f700a000
			[33m[1mpte: srw 00b 12c0b453 f700b000
			[33m[1mpte: srw 00c 12c0c453 f700c000
			[33m[1mpte: srw 00d 12c0d453 f700d000
			[33m[1mpte: srw 00e 12c0e453 f700e000
			[33m[1mpte: srw 00f 12c0f453 f700f000
			[33m[1mpte: srw 010 12c10453 f7010000
			[33m[1mpte: srw 011 12c11453 f7011000
			[33m[1mpte: srw 012 12c12453 f7012000
			[33m[1mpte: srw 013 12c13453 f7013000
			[33m[1mpte: srw 014 12c14453 f7014000
			[33m[1mpte: srw 015 12c15453 f7015000
			[33m[1mpte: srw 016 12c16453 f7016000
			[33m[1mpte: srw 017 12c17453 f7017000
			[33m[1mpte: srw 018 12c18453 f7018000
			[33m[1mpte: srw 019 12c19453 f7019000
			[33m[1mpte: srw 01a 12c1a453 f701a000
			[33m[1mpte: srw 01b 12c1b453 f701b000
			[33m[1mpte: srw 01c 12c1c453 f701c000
			[33m[1mpte: srw 01d 12c1d453 f701d000
			[33m[1mpte: srw 01e 12c1e453 f701e000
			[33m[1mpte: srw 01f 12c1f453 f701f000
			[33m[1mpte: srw 020 12c20453 f7020000
			[33m[1mpte: srw 021 12c21453 f7021000
			[33m[1mpte: srw 022 12c22453 f7022000
			[33m[1mpte: srw 023 12c23453 f7023000
			[33m[1mpte: srw 024 12c24453 f7024000
			[33m[1mpte: srw 025 12c25453 f7025000
			[33m[1mpte: srw 026 12c26453 f7026000
			[33m[1mpte: srw 027 12c27453 f7027000
			[33m[1mpte: srw 028 12c28453 f7028000
			[33m[1mpte: srw 029 12c29453 f7029000
			[33m[1mpte: srw 02a 12c2a453 f702a000
			[33m[1mpte: srw 02b 12c2b453 f702b000
			[33m[1mpte: srw 02c 12c2c453 f702c000
			[33m[1mpte: srw 02d 12c2d453 f702d000
			[33m[1mpte: srw 02e 12c2e453 f702e000
			[33m[1mpte: srw 02f 12c2f453 f702f000
			[33m[1mpte: srw 030 12c30453 f7030000
			[33m[1mpte: srw 031 12c31453 f7031000
			[33m[1mpte: srw 032 12c32453 f7032000
			[33m[1mpte: srw 033 12c33453 f7033000
			[33m[1mpte: srw 034 12c34453 f7034000
			[33m[1mpte: srw 035 12c35453 f7035000
			[33m[1mpte: srw 036 12c36453 f7036000
			[33m[1mpte: srw 037 12c37453 f7037000
			[33m[1mpte: srw 038 12c38453 f7038000
			[33m[1mpte: srw 039 12c39453 f7039000
			[33m[1mpte: srw 03a 12c3a453 f703a000
			[33m[1mpte: srw 03b 12c3b453 f703b000
			[33m[1mpte: srw 03c 12c3c453 f703c000
			[33m[1mpte: srw 03d 12c3d453 f703d000
			[33m[1mpte: srw 03e 12c3e453 f703e000
			[33m[1mpte: srw 03f 12c3f453 f703f000
			[33m[1mpte: srw 040 12c40453 f7040000
			[33m[1mpte: srw 041 12c41453 f7041000
			[33m[1mpte: srw 042 12c42453 f7042000
			[33m[1mpte: srw 043 12c43453 f7043000
			[33m[1mpte: srw 044 12c44453 f7044000
			[33m[1mpte: srw 045 12c45453 f7045000
			[33m[1mpte: srw 046 12c46453 f7046000
			[33m[1mpte: srw 047 12c47453 f7047000
			[33m[1mpte: srw 048 12c48453 f7048000
			[33m[1mpte: srw 049 12c49453 f7049000
			[33m[1mpte: srw 04a 12c4a453 f704a000
			[33m[1mpte: srw 04b 12c4b453 f704b000
			[33m[1mpte: srw 04c 12c4c453 f704c000
			[33m[1mpte: srw 04d 12c4d453 f704d000
			[33m[1mpte: srw 04e 12c4e453 f704e000
			[33m[1mpte: srw 04f 12c4f453 f704f000
			[33m[1mpte: srw 050 12c50453 f7050000
			[33m[1mpte: srw 051 12c51453 f7051000
			[33m[1mpte: srw 052 12c52453 f7052000
			[33m[1mpte: srw 053 12c53453 f7053000
			[33m[1mpte: srw 054 12c54453 f7054000
			[33m[1mpte: srw 055 12c55453 f7055000
			[33m[1mpte: srw 056 12c56453 f7056000
			[33m[1mpte: srw 057 12c57453 f7057000
			[33m[1mpte: srw 058 12c58453 f7058000
			[33m[1mpte: srw 059 12c59453 f7059000
			[33m[1mpte: srw 05a 12c5a453 f705a000
			[33m[1mpte: srw 05b 12c5b453 f705b000
			[33m[1mpte: srw 05c 12c5c453 f705c000
			[33m[1mpte: srw 05d 12c5d453 f705d000
			[33m[1mpte: srw 05e 12c5e453 f705e000
			[33m[1mpte: srw 05f 12c5f453 f705f000
			[33m[1mpte: srw 060 12c60453 f7060000
			[33m[1mpte: srw 061 12c61453 f7061000
			[33m[1mpte: srw 062 12c62453 f7062000
			[33m[1mpte: srw 063 12c63453 f7063000
			[33m[1mpte: srw 064 12c64453 f7064000
			[33m[1mpte: srw 065 12c65453 f7065000
			[33m[1mpte: srw 066 12c66453 f7066000
			[33m[1mpte: srw 067 12c67453 f7067000
			[33m[1mpte: srw 068 12c68453 f7068000
			[33m[1mpte: srw 069 12c69453 f7069000
			[33m[1mpte: srw 06a 12c6a453 f706a000
			[33m[1mpte: srw 06b 12c6b453 f706b000
			[33m[1mpte: srw 06c 12c6c453 f706c000
			[33m[1mpte: srw 06d 12c6d453 f706d000
			[33m[1mpte: srw 06e 12c6e453 f706e000
			[33m[1mpte: srw 06f 12c6f453 f706f000
			[33m[1mpte: srw 070 12c70453 f7070000
			[33m[1mpte: srw 071 12c71453 f7071000
			[33m[1mpte: srw 072 12c72453 f7072000
			[33m[1mpte: srw 073 12c73453 f7073000
			[33m[1mpte: srw 074 12c74453 f7074000
			[33m[1mpte: srw 075 12c75453 f7075000
			[33m[1mpte: srw 076 12c76453 f7076000
			[33m[1mpte: srw 077 12c77453 f7077000
			[33m[1mpte: srw 078 12c78453 f7078000
			[33m[1mpte: srw 079 12c79453 f7079000
			[33m[1mpte: srw 07a 12c7a453 f707a000
			[33m[1mpte: srw 07b 12c7b453 f707b000
			[33m[1mpte: srw 07c 12c7c453 f707c000
			[33m[1mpte: srw 07d 12c7d453 f707d000
			[33m[1mpte: srw 07e 12c7e453 f707e000
			[33m[1mpte: srw 07f 12c7f453 f707f000
		[32m[1mpmd:  f71 6e7f6c41 f7100000
		[32m[1mpmd:  f80 6e7fc841 f8000000
			[33m[1mpte: srw 000 10000453 f8000000
		[32m[1mpmd:  f81 6e7fcc41 f8100000
			[33m[1mpte: srw 000 10010453 f8100000
			[33m[1mpte: srw 001 10011453 f8101000
			[33m[1mpte: srw 002 10012453 f8102000
			[33m[1mpte: srw 003 10013453 f8103000
			[33m[1mpte: srw 004 10014453 f8104000
			[33m[1mpte: srw 005 10015453 f8105000
			[33m[1mpte: srw 006 10016453 f8106000
			[33m[1mpte: srw 007 10017453 f8107000
			[33m[1mpte: srw 008 10018453 f8108000
			[33m[1mpte: srw 009 10019453 f8109000
			[33m[1mpte: srw 00a 1001a453 f810a000
			[33m[1mpte: srw 00b 1001b453 f810b000
			[33m[1mpte: srw 00c 1001c453 f810c000
			[33m[1mpte: srw 00d 1001d453 f810d000
			[33m[1mpte: srw 00e 1001e453 f810e000
			[33m[1mpte: srw 00f 1001f453 f810f000
			[33m[1mpte: srw 010 10020453 f8110000
			[33m[1mpte: srw 011 10021453 f8111000
			[33m[1mpte: srw 012 10022453 f8112000
			[33m[1mpte: srw 013 10023453 f8113000
			[33m[1mpte: srw 014 10024453 f8114000
			[33m[1mpte: srw 015 10025453 f8115000
			[33m[1mpte: srw 016 10026453 f8116000
			[33m[1mpte: srw 017 10027453 f8117000
			[33m[1mpte: srw 018 10028453 f8118000
			[33m[1mpte: srw 019 10029453 f8119000
			[33m[1mpte: srw 01a 1002a453 f811a000
			[33m[1mpte: srw 01b 1002b453 f811b000
			[33m[1mpte: srw 01c 1002c453 f811c000
			[33m[1mpte: srw 01d 1002d453 f811d000
			[33m[1mpte: srw 01e 1002e453 f811e000
			[33m[1mpte: srw 01f 1002f453 f811f000
			[33m[1mpte: srw 020 10030453 f8120000
			[33m[1mpte: srw 021 10031453 f8121000
			[33m[1mpte: srw 022 10032453 f8122000
			[33m[1mpte: srw 023 10033453 f8123000
			[33m[1mpte: srw 080 10040453 f8180000
			[33m[1mpte: srw 081 10041453 f8181000
			[33m[1mpte: srw 082 10042453 f8182000
			[33m[1mpte: srw 083 10043453 f8183000
			[33m[1mpte: srw 084 10044453 f8184000
			[33m[1mpte: srw 085 10045453 f8185000
			[33m[1mpte: srw 086 10046453 f8186000
			[33m[1mpte: srw 087 10047453 f8187000
			[33m[1mpte: srw 088 10048453 f8188000
			[33m[1mpte: srw 089 10049453 f8189000
			[33m[1mpte: srw 08a 1004a453 f818a000
			[33m[1mpte: srw 08b 1004b453 f818b000
			[33m[1mpte: srw 08c 1004c453 f818c000
			[33m[1mpte: srw 08d 1004d453 f818d000
			[33m[1mpte: srw 08e 1004e453 f818e000
			[33m[1mpte: srw 08f 1004f453 f818f000
		[32m[1mpmd:  f84 6e7f8841 f8400000
			[33m[1mpte: srw 000 02020453 f8400000
			[33m[1mpte: srw 0c0 12250453 f84c0000
		[32m[1mpmd:  f85 6e7f8c41 f8500000
			[33m[1mpte: srw 000 101c0453 f8500000
		[32m[1mpmd:  f86 6e7f7841 f8600000
		[32m[1mpmd:  f87 6e7f7c41 f8700000
			[33m[1mpte: srw 000 10440453 f8700000
		[32m[1mpmd:  f88 6e7f5841 f8800000
			[33m[1mpte: srw 010 10482453 f8810000
			[33m[1mpte: srw 011 10483453 f8811000
			[33m[1mpte: srw 020 10481453 f8820000
		[32m[1mpmd:  f89 6e7f5c41 f8900000
		[32m[1mpmd:  fee 6e038811 fee00000
		[32m[1mpmd:  fef 6e038c11 fef00000
			[33m[1mpte: srw 0f0 bfc1e45f feff0000
			[33m[1mpte: srw 0f1 bfc1c45f feff1000
			[33m[1mpte: srw 0f2 bfc1a45f feff2000
			[33m[1mpte: srw 0f8 bfc1d45f feff8000
			[33m[1mpte: srw 0f9 bfc1b45f feff9000
			[33m[1mpte: srw 0fa bfc1945f feffa000
		[32m[1mpmd:  ffe 6e7fe821 ffe00000
		[32m[1mpmd:  fff 6e7fec21 fff00000
			[33m[1mpte: srw 000 bac5345f fff00000
			[33m[1mpte: srw 001 bc12145f fff01000
			[33m[1mpte: srw 011 bc1af45f fff11000
			[33m[1mpte: srw 012 bbcb045f fff12000
			[33mpte: urx 0f0 6e7ff46e ffff0000
